<?xml version="1.0" encoding="UTF-8"?>
<testsuite name="com.springboot.learning.HelloServiceTest" tests="1" skipped="0" failures="0" errors="0" timestamp="2023-02-19T11:07:33" hostname="DESKTOP-92IMVU3" time="0.066">
  <properties/>
  <testcase name="serviceDecoratorTest()" classname="com.springboot.learning.HelloServiceTest" time="0.066"/>
  <system-out><![CDATA[***1234***
]]></system-out>
  <system-err><![CDATA[]]></system-err>
</testsuite>
