<?xml version="1.0" encoding="UTF-8"?>
<testsuite name="com.springboot.hello.ConditionTest" tests="1" skipped="0" failures="0" errors="0" timestamp="2023-03-03T00:49:33" hostname="DESKTOP-92IMVU3" time="0.071">
  <properties/>
  <testcase name="conditionTest()" classname="com.springboot.hello.ConditionTest" time="0.071"/>
  <system-out><![CDATA[1
*1*
1
2
2
*2*
3
3
3
4
4
4
5
5
5
6
6
6
7
7
7
8
8
8
9
9
9
10
10
10
11
11
11
12
12
12
13
13
13
14
14
14
15
15
15
16
16
16
17
17
17
18
18
18
19
19
19
20
20
20
21
21
21
22
22
22
23
23
23
24
24
24
]]></system-out>
  <system-err><![CDATA[]]></system-err>
</testsuite>
