<?xml version="1.0" encoding="UTF-8"?>
<testsuite name="com.springboot.learning.HelloApiTest" tests="1" skipped="0" failures="0" errors="0" timestamp="2023-02-18T12:45:14" hostname="DESKTOP-92IMVU3" time="1.904">
  <properties/>
  <testcase name="helloApiTest()" classname="com.springboot.learning.HelloApiTest" time="1.904"/>
  <system-out><![CDATA[21:45:16.447 [Test worker] DEBUG org.springframework.web.client.RestTemplate - HTTP GET http://localhost:8080/hello?name=helloSpring
21:45:16.474 [Test worker] DEBUG org.springframework.web.client.RestTemplate - Accept=[text/plain, application/json, application/*+json, */*]
21:45:16.533 [Test worker] DEBUG org.springframework.web.client.RestTemplate - Response 200 OK
21:45:16.539 [Test worker] DEBUG org.springframework.web.client.RestTemplate - Reading to [java.lang.String] as "text/plain;charset=ISO-8859-1"
]]></system-out>
  <system-err><![CDATA[]]></system-err>
</testsuite>
